TN:
SF:src/modules/appointments/services/CreateAppointmentService.ts
FN:44,__decorate
FN:44,__metadata
FN:44,__param
FN:44,__awaiter
FN:44,adopt
FN:44,fulfilled
FN:44,rejected
FN:44,step
FN:44,__generator
FN:44,sent
FN:44,g.<computed>
FN:44,verb
FN:44,step
FN:44,__importDefault
FN:16,CreateAppointmentService
FN:21,CreateAppointmentService.execute
FNF:16
FNH:14
FNDA:1,__decorate
FNDA:1,__metadata
FNDA:1,__param
FNDA:3,__awaiter
FNDA:5,adopt
FNDA:5,fulfilled
FNDA:0,rejected
FNDA:7,step
FNDA:3,__generator
FNDA:5,sent
FNDA:0,g.<computed>
FNDA:9,verb
FNDA:8,step
FNDA:1,__importDefault
FNDA:2,CreateAppointmentService
FNDA:3,CreateAppointmentService.execute
DA:1,1
DA:2,1
DA:3,1
DA:4,1
DA:5,1
DA:6,1
DA:7,1
DA:8,1
DA:9,1
DA:10,1
DA:11,1
DA:12,1
DA:13,1
DA:14,1
DA:15,1
DA:16,1
DA:17,2
DA:18,2
DA:19,2
DA:20,1
DA:21,1
DA:22,3
DA:23,3
DA:24,3
DA:25,3
DA:26,3
DA:27,3
DA:28,3
DA:29,3
DA:30,3
DA:31,3
DA:32,1
DA:33,1
DA:34,2
DA:35,2
DA:36,2
DA:37,2
DA:38,2
DA:39,3
DA:40,3
DA:41,3
DA:42,1
DA:43,1
DA:44,1
LF:44
LH:44
BRDA:44,0,0,1
BRDA:44,1,0,1
BRDA:44,2,0,0
BRDA:44,3,0,0
BRDA:44,4,0,0
BRDA:44,5,0,0
BRDA:44,6,0,1
BRDA:44,7,0,1
BRDA:44,8,0,1
BRDA:44,9,0,3
BRDA:44,10,0,5
BRDA:44,11,0,0
BRDA:44,12,0,3
BRDA:44,13,0,5
BRDA:44,14,0,4
BRDA:44,15,0,1
BRDA:44,16,0,7
BRDA:44,17,0,2
BRDA:44,18,0,5
BRDA:44,19,0,3
BRDA:44,20,0,5
BRDA:44,21,0,0
BRDA:44,22,0,9
BRDA:44,23,0,8
BRDA:44,24,0,8
BRDA:44,25,0,0
BRDA:44,26,0,16
BRDA:44,27,0,0
BRDA:44,28,0,0
BRDA:44,29,0,0
BRDA:44,30,0,0
BRDA:44,31,0,8
BRDA:44,32,0,8
BRDA:44,33,0,5
BRDA:44,34,0,0
BRDA:44,35,0,0
BRDA:44,36,0,3
BRDA:44,37,0,0
BRDA:44,38,0,2
BRDA:44,39,0,0
BRDA:44,40,0,0
BRDA:44,41,0,0
BRDA:44,42,0,0
BRDA:44,43,0,8
BRDA:44,44,0,7
BRDA:44,45,0,1
BRDA:44,46,0,8
BRDA:44,47,0,3
BRDA:44,48,0,1
BRDA:44,49,0,2
BRDA:44,50,0,0
BRDA:44,51,0,1
BRDA:44,52,0,0
BRDA:15,53,0,1
BRDA:16,54,0,2
BRDA:21,55,0,3
BRDA:44,56,0,3
BRDA:44,57,0,8
BRDA:44,58,0,3
BRDA:44,59,0,3
BRDA:31,60,0,1
BRDA:33,61,0,2
BRDA:44,62,0,2
BRF:63
BRH:43
end_of_record
TN:
SF:src/modules/users/services/AuthenticateUserService.ts
FN:61,__decorate
FN:61,__metadata
FN:61,__param
FN:61,__awaiter
FN:61,adopt
FN:61,fulfilled
FN:61,rejected
FN:61,step
FN:61,__generator
FN:61,sent
FN:61,g.<computed>
FN:61,verb
FN:61,step
FN:61,__importDefault
FN:23,AuthenticateUserService
FN:31,AuthenticateUserService.execute
FNF:16
FNH:14
FNDA:1,__decorate
FNDA:1,__metadata
FNDA:2,__param
FNDA:1,__awaiter
FNDA:2,adopt
FNDA:2,fulfilled
FNDA:0,rejected
FNDA:3,step
FNDA:1,__generator
FNDA:2,sent
FNDA:0,g.<computed>
FNDA:3,verb
FNDA:3,step
FNDA:2,__importDefault
FNDA:1,AuthenticateUserService
FNDA:1,AuthenticateUserService.execute
DA:1,1
DA:2,1
DA:3,1
DA:4,1
DA:5,1
DA:6,1
DA:7,1
DA:8,1
DA:9,1
DA:10,1
DA:11,1
DA:12,1
DA:13,1
DA:14,1
DA:15,1
DA:16,1
DA:17,1
DA:18,1
DA:19,1
DA:20,1
DA:21,1
DA:22,1
DA:23,1
DA:24,1
DA:25,1
DA:26,1
DA:27,1
DA:28,1
DA:29,1
DA:30,1
DA:31,1
DA:32,1
DA:33,1
DA:34,1
DA:35,0
DA:36,0
DA:37,1
DA:38,1
DA:39,1
DA:40,1
DA:41,1
DA:42,1
DA:43,1
DA:44,0
DA:45,0
DA:46,1
DA:47,1
DA:48,1
DA:49,1
DA:50,1
DA:51,1
DA:52,1
DA:53,1
DA:54,1
DA:55,1
DA:56,1
DA:57,1
DA:58,1
DA:59,1
DA:60,1
DA:61,1
LF:61
LH:57
BRDA:61,0,0,1
BRDA:61,1,0,1
BRDA:61,2,0,0
BRDA:61,3,0,0
BRDA:61,4,0,0
BRDA:61,5,0,0
BRDA:61,6,0,1
BRDA:61,7,0,2
BRDA:61,8,0,2
BRDA:61,9,0,1
BRDA:61,10,0,2
BRDA:61,11,0,0
BRDA:61,12,0,1
BRDA:61,13,0,2
BRDA:61,14,0,0
BRDA:61,15,0,3
BRDA:61,16,0,1
BRDA:61,17,0,2
BRDA:61,18,0,1
BRDA:61,19,0,2
BRDA:61,20,0,0
BRDA:61,21,0,3
BRDA:61,22,0,3
BRDA:61,23,0,3
BRDA:61,24,0,0
BRDA:61,25,0,6
BRDA:61,26,0,0
BRDA:61,27,0,0
BRDA:61,28,0,0
BRDA:61,29,0,0
BRDA:61,30,0,3
BRDA:61,31,0,3
BRDA:61,32,0,2
BRDA:61,33,0,0
BRDA:61,34,0,0
BRDA:61,35,0,1
BRDA:61,36,0,0
BRDA:61,37,0,0
BRDA:61,38,0,0
BRDA:61,39,0,0
BRDA:61,40,0,0
BRDA:61,41,0,3
BRDA:61,42,0,0
BRDA:61,43,0,3
BRDA:61,44,0,1
BRDA:61,45,0,0
BRDA:61,46,0,1
BRDA:61,47,0,0
BRDA:61,48,0,2
BRDA:61,49,0,0
BRDA:22,50,0,1
BRDA:23,51,0,1
BRDA:31,52,0,1
BRDA:61,53,0,1
BRDA:61,54,0,3
BRDA:32,55,0,1
BRDA:61,56,0,1
BRDA:34,57,0,0
BRDA:61,58,0,1
BRDA:43,59,0,0
BRF:60
BRH:35
end_of_record
TN:
SF:src/modules/users/services/CreateUserService.ts
FN:43,__decorate
FN:43,__metadata
FN:43,__param
FN:43,__awaiter
FN:43,adopt
FN:43,fulfilled
FN:43,rejected
FN:43,step
FN:43,__generator
FN:43,sent
FN:43,g.<computed>
FN:43,verb
FN:43,step
FN:43,__importDefault
FN:17,CreateUserService
FN:24,CreateUserService.execute
FNF:16
FNH:14
FNDA:2,__decorate
FNDA:2,__metadata
FNDA:4,__param
FNDA:4,__awaiter
FNDA:7,adopt
FNDA:7,fulfilled
FNDA:0,rejected
FNDA:10,step
FNDA:4,__generator
FNDA:7,sent
FNDA:0,g.<computed>
FNDA:12,verb
FNDA:11,step
FNDA:2,__importDefault
FNDA:3,CreateUserService
FNDA:4,CreateUserService.execute
DA:1,1
DA:2,1
DA:3,1
DA:4,1
DA:5,1
DA:6,1
DA:7,1
DA:8,1
DA:9,1
DA:10,1
DA:11,1
DA:12,1
DA:13,1
DA:14,1
DA:15,1
DA:16,2
DA:17,2
DA:18,3
DA:19,3
DA:20,3
DA:21,3
DA:22,3
DA:23,2
DA:24,2
DA:25,4
DA:26,4
DA:27,4
DA:28,1
DA:29,1
DA:30,3
DA:31,3
DA:32,4
DA:33,4
DA:34,4
DA:35,4
DA:36,4
DA:37,4
DA:38,4
DA:39,4
DA:40,4
DA:41,2
DA:42,1
DA:43,1
LF:43
LH:43
BRDA:43,0,0,2
BRDA:43,1,0,2
BRDA:43,2,0,0
BRDA:43,3,0,0
BRDA:43,4,0,0
BRDA:43,5,0,0
BRDA:43,6,0,2
BRDA:43,7,0,4
BRDA:43,8,0,4
BRDA:43,9,0,4
BRDA:43,10,0,7
BRDA:43,11,0,0
BRDA:43,12,0,4
BRDA:43,13,0,7
BRDA:43,14,0,6
BRDA:43,15,0,1
BRDA:43,16,0,10
BRDA:43,17,0,3
BRDA:43,18,0,7
BRDA:43,19,0,4
BRDA:43,20,0,7
BRDA:43,21,0,0
BRDA:43,22,0,12
BRDA:43,23,0,11
BRDA:43,24,0,11
BRDA:43,25,0,0
BRDA:43,26,0,22
BRDA:43,27,0,0
BRDA:43,28,0,0
BRDA:43,29,0,0
BRDA:43,30,0,0
BRDA:43,31,0,11
BRDA:43,32,0,11
BRDA:43,33,0,7
BRDA:43,34,0,0
BRDA:43,35,0,0
BRDA:43,36,0,4
BRDA:43,37,0,0
BRDA:43,38,0,3
BRDA:43,39,0,0
BRDA:43,40,0,0
BRDA:43,41,0,0
BRDA:43,42,0,0
BRDA:43,43,0,19
BRDA:43,44,0,11
BRDA:43,45,0,10
BRDA:43,46,0,1
BRDA:43,47,0,11
BRDA:43,48,0,4
BRDA:43,49,0,1
BRDA:43,50,0,3
BRDA:43,51,0,0
BRDA:43,52,0,2
BRDA:43,53,0,0
BRDA:16,54,0,2
BRDA:17,55,0,3
BRDA:24,56,0,4
BRDA:43,57,0,4
BRDA:43,58,0,11
BRDA:25,59,0,4
BRDA:43,60,0,4
BRDA:27,61,0,1
BRDA:29,62,0,3
BRDA:43,63,0,3
BRF:64
BRH:44
end_of_record
TN:
SF:src/modules/users/services/UpdateUserAvatarService.ts
FN:1,(empty-report)
FNF:1
FNH:0
FNDA:0,(empty-report)
DA:1,0
DA:2,0
DA:3,0
DA:4,0
DA:5,0
DA:6,0
DA:7,0
DA:8,0
DA:9,0
DA:10,0
DA:11,0
DA:12,0
DA:13,0
DA:14,0
DA:15,0
DA:16,0
DA:17,0
DA:18,0
DA:19,0
DA:20,0
DA:21,0
DA:22,0
DA:23,0
DA:24,0
DA:25,0
DA:26,0
DA:27,0
DA:28,0
DA:29,0
DA:30,0
DA:31,0
DA:32,0
DA:33,0
DA:34,0
DA:35,0
DA:36,0
DA:37,0
DA:38,0
DA:39,0
DA:40,0
DA:41,0
DA:42,0
DA:43,0
DA:44,0
DA:45,0
DA:46,0
DA:47,0
DA:48,0
DA:49,0
DA:50,0
DA:51,0
DA:52,0
DA:53,0
DA:54,0
DA:55,0
LF:55
LH:0
BRDA:1,0,0,0
BRF:1
BRH:0
end_of_record
